#
# There is insufficient memory for the Java Runtime Environment to continue.
# Native memory allocation (malloc) failed to allocate 1048576 bytes. Error detail: AllocateHeap
# Possible reasons:
#   The system is out of physical RAM or swap space
#   This process is running with CompressedOops enabled, and the Java Heap may be blocking the growth of the native heap
# Possible solutions:
#   Reduce memory load on the system
#   Increase physical memory or swap space
#   Check if swap backing store is full
#   Decrease Java heap size (-Xmx/-Xms)
#   Decrease number of Java threads
#   Decrease Java thread stack sizes (-Xss)
#   Set larger code cache with -XX:ReservedCodeCacheSize=
#   JVM is running with Unscaled Compressed Oops mode in which the Java heap is
#     placed in the first 4GB address space. The Java Heap base address is the
#     maximum limit for the native heap growth. Please use -XX:HeapBaseMinAddress
#     to set the Java Heap base and to place the Java Heap above 4GB virtual address.
# This output file may be truncated or incomplete.
#
#  Out of Memory Error (allocation.cpp:44), pid=20732, tid=13644
#
# JRE version: OpenJDK Runtime Environment Temurin-21.0.8+9 (21.0.8+9) (build 21.0.8+9-LTS)
# Java VM: OpenJDK 64-Bit Server VM Temurin-21.0.8+9 (21.0.8+9-LTS, mixed mode, sharing, tiered, compressed oops, compressed class ptrs, parallel gc, windows-amd64)
# No core dump will be written. Minidumps are not enabled by default on client versions of Windows
#

---------------  S U M M A R Y ------------

Command Line: --add-modules=ALL-SYSTEM --add-opens=java.base/java.util=ALL-UNNAMED --add-opens=java.base/java.lang=ALL-UNNAMED --add-opens=java.base/sun.nio.fs=ALL-UNNAMED -Declipse.application=org.eclipse.jdt.ls.core.id1 -Dosgi.bundles.defaultStartLevel=4 -Declipse.product=org.eclipse.jdt.ls.core.product -Djava.import.generatesMetadataFilesAtProjectRoot=false -DDetectVMInstallationsJob.disabled=true -Dfile.encoding=utf8 -XX:+UseParallelGC -XX:GCTimeRatio=4 -XX:AdaptiveSizePolicyWeight=90 -Dsun.zip.disableMemoryMapping=true -Xmx2G -Xms100m -Xlog:disable -javaagent:c:\Users\vunha\.vscode\extensions\redhat.java-1.47.0-win32-x64\lombok\lombok-1.18.39-4050.jar -XX:+HeapDumpOnOutOfMemoryError -XX:HeapDumpPath=c:\Users\vunha\AppData\Roaming\Code\User\workspaceStorage\23d2ec143209062b4962f19746702be5\redhat.java -Daether.dependencyCollector.impl=bf c:\Users\vunha\.vscode\extensions\redhat.java-1.47.0-win32-x64\server\plugins\org.eclipse.equinox.launcher_1.7.100.v20251014-1222.jar -configuration c:\Users\vunha\AppData\Roaming\Code\User\globalStorage\redhat.java\1.47.0\config_win -data c:\Users\vunha\AppData\Roaming\Code\User\workspaceStorage\23d2ec143209062b4962f19746702be5\redhat.java\jdt_ws --pipe=\\.\pipe\lsp-eeef6aa02b3ebae6893285adf6983a0d-sock

Host: Intel(R) Core(TM) i7-10750H CPU @ 2.60GHz, 12 cores, 23G,  Windows 11 , 64 bit Build 26100 (10.0.26100.7019)
Time: Fri Oct 31 23:49:19 2025 SE Asia Standard Time elapsed time: 608.132715 seconds (0d 0h 10m 8s)

---------------  T H R E A D  ---------------

Current thread (0x000002fc0612c100):  JavaThread "Attach Listener" daemon [_thread_in_vm, id=13644, stack(0x000000fdea900000,0x000000fdeaa00000) (1024K)]

Stack: [0x000000fdea900000,0x000000fdeaa00000]
Native frames: (J=compiled Java code, j=interpreted, Vv=VM code, C=native code)
V  [jvm.dll+0x6d2449]
V  [jvm.dll+0x8ae341]
V  [jvm.dll+0x8b08be]
V  [jvm.dll+0x8b0fa3]
V  [jvm.dll+0x280c96]
V  [jvm.dll+0xc0347]
V  [jvm.dll+0x6d2cf9]
V  [jvm.dll+0x131116]
V  [jvm.dll+0x3f2d16]
V  [jvm.dll+0x857e6b]
V  [jvm.dll+0x6d0b0d]
C  [ucrtbase.dll+0x37b0]
C  [KERNEL32.DLL+0x2e8d7]
C  [ntdll.dll+0x8c53c]


---------------  P R O C E S S  ---------------

Threads class SMR info:
_java_thread_list=0x000002fc0f416be0, length=41, elements={
0x000002fbac76f370, 0x000002fc06122090, 0x000002fc06123a00, 0x000002fc0612b190,
0x000002fc0612c100, 0x000002fc06133230, 0x000002fc06141c20, 0x000002fc0616b1e0,
0x000002fc0616e030, 0x000002fc06246ee0, 0x000002fc06247570, 0x000002fc06248290,
0x000002fc06c38ff0, 0x000002fc06c382d0, 0x000002fc06c39d10, 0x000002fc06c3bde0,
0x000002fc06c3d820, 0x000002fc06c3deb0, 0x000002fc06c39680, 0x000002fc06c375b0,
0x000002fc06c3b0c0, 0x000002fc06c3d190, 0x000002fc06c3c470, 0x000002fc06c3b750,
0x000002fc06c3ebd0, 0x000002fc06c3cb00, 0x000002fc06245b30, 0x000002fc06247c00,
0x000002fc06244e10, 0x000002fc062454a0, 0x000002fc062461c0, 0x000002fc06246850,
0x000002fc0dd709c0, 0x000002fc0dd6e260, 0x000002fc0dd71d70, 0x000002fc0dd71050,
0x000002fc0dd716e0, 0x000002fc0dd74b60, 0x000002fc0dd73e40, 0x000002fc0e757a00,
0x000002fc0e758720
}

Java Threads: ( => current thread )
  0x000002fbac76f370 JavaThread "main"                              [_thread_blocked, id=11644, stack(0x000000fdea200000,0x000000fdea300000) (1024K)]
  0x000002fc06122090 JavaThread "Reference Handler"          daemon [_thread_blocked, id=27136, stack(0x000000fdea600000,0x000000fdea700000) (1024K)]
  0x000002fc06123a00 JavaThread "Finalizer"                  daemon [_thread_blocked, id=22836, stack(0x000000fdea700000,0x000000fdea800000) (1024K)]
  0x000002fc0612b190 JavaThread "Signal Dispatcher"          daemon [_thread_blocked, id=20012, stack(0x000000fdea800000,0x000000fdea900000) (1024K)]
=>0x000002fc0612c100 JavaThread "Attach Listener"            daemon [_thread_in_vm, id=13644, stack(0x000000fdea900000,0x000000fdeaa00000) (1024K)]
  0x000002fc06133230 JavaThread "Service Thread"             daemon [_thread_blocked, id=3620, stack(0x000000fdeaa00000,0x000000fdeab00000) (1024K)]
  0x000002fc06141c20 JavaThread "Monitor Deflation Thread"   daemon [_thread_blocked, id=26752, stack(0x000000fdeab00000,0x000000fdeac00000) (1024K)]
  0x000002fc0616b1e0 JavaThread "C2 CompilerThread0"         daemon [_thread_blocked, id=16128, stack(0x000000fdeac00000,0x000000fdead00000) (1024K)]
  0x000002fc0616e030 JavaThread "C1 CompilerThread0"         daemon [_thread_blocked, id=25628, stack(0x000000fdead00000,0x000000fdeae00000) (1024K)]
  0x000002fc06246ee0 JavaThread "Common-Cleaner"             daemon [_thread_blocked, id=31804, stack(0x000000fdeae00000,0x000000fdeaf00000) (1024K)]
  0x000002fc06247570 JavaThread "Notification Thread"        daemon [_thread_blocked, id=12076, stack(0x000000fdeb000000,0x000000fdeb100000) (1024K)]
  0x000002fc06248290 JavaThread "Active Thread: Equinox Container: 9a710b02-9e03-42ae-9898-72dc87916293"        [_thread_blocked, id=12064, stack(0x000000fdebe00000,0x000000fdebf00000) (1024K)]
  0x000002fc06c38ff0 JavaThread "Framework Event Dispatcher: Equinox Container: 9a710b02-9e03-42ae-9898-72dc87916293" daemon [_thread_blocked, id=28648, stack(0x000000fdeaf00000,0x000000fdeb000000) (1024K)]
  0x000002fc06c382d0 JavaThread "Start Level: Equinox Container: 9a710b02-9e03-42ae-9898-72dc87916293" daemon [_thread_blocked, id=15776, stack(0x000000fdebf00000,0x000000fdec000000) (1024K)]
  0x000002fc06c39d10 JavaThread "Refresh Thread: Equinox Container: 9a710b02-9e03-42ae-9898-72dc87916293" daemon [_thread_blocked, id=31112, stack(0x000000fdec200000,0x000000fdec300000) (1024K)]
  0x000002fc06c3bde0 JavaThread "Bundle File Closer"         daemon [_thread_blocked, id=17720, stack(0x000000fdec000000,0x000000fdec100000) (1024K)]
  0x000002fc06c3d820 JavaThread "SCR Component Actor"        daemon [_thread_blocked, id=9276, stack(0x000000fdec100000,0x000000fdec200000) (1024K)]
  0x000002fc06c3deb0 JavaThread "Worker-JM"                         [_thread_blocked, id=32488, stack(0x000000fdeba00000,0x000000fdebb00000) (1024K)]
  0x000002fc06c39680 JavaThread "JNA Cleaner"                daemon [_thread_blocked, id=18144, stack(0x000000fdeb800000,0x000000fdeb900000) (1024K)]
  0x000002fc06c375b0 JavaThread "Java indexing"              daemon [_thread_blocked, id=24984, stack(0x000000fdebd00000,0x000000fdebe00000) (1024K)]
  0x000002fc06c3b0c0 JavaThread "Worker-2"                          [_thread_blocked, id=23980, stack(0x000000fdec500000,0x000000fdec600000) (1024K)]
  0x000002fc06c3d190 JavaThread "Thread-1"                   daemon [_thread_in_native, id=22120, stack(0x000000fdec700000,0x000000fdec800000) (1024K)]
  0x000002fc06c3c470 JavaThread "Thread-2"                   daemon [_thread_in_native, id=24972, stack(0x000000fdec800000,0x000000fdec900000) (1024K)]
  0x000002fc06c3b750 JavaThread "Thread-3"                   daemon [_thread_in_native, id=24980, stack(0x000000fdecc00000,0x000000fdecd00000) (1024K)]
  0x000002fc06c3ebd0 JavaThread "Thread-4"                   daemon [_thread_in_native, id=14716, stack(0x000000fdecd00000,0x000000fdece00000) (1024K)]
  0x000002fc06c3cb00 JavaThread "Thread-5"                   daemon [_thread_in_native, id=18172, stack(0x000000fdece00000,0x000000fdecf00000) (1024K)]
  0x000002fc06245b30 JavaThread "Thread-6"                   daemon [_thread_in_native, id=19508, stack(0x000000fdecf00000,0x000000fded000000) (1024K)]
  0x000002fc06247c00 JavaThread "Thread-7"                   daemon [_thread_in_native, id=17052, stack(0x000000fded000000,0x000000fded100000) (1024K)]
  0x000002fc06244e10 JavaThread "Thread-8"                   daemon [_thread_in_native, id=29356, stack(0x000000fded100000,0x000000fded200000) (1024K)]
  0x000002fc062454a0 JavaThread "Thread-9"                   daemon [_thread_in_native, id=31232, stack(0x000000fded200000,0x000000fded300000) (1024K)]
  0x000002fc062461c0 JavaThread "Thread-10"                  daemon [_thread_in_native, id=4588, stack(0x000000fded300000,0x000000fded400000) (1024K)]
  0x000002fc06246850 JavaThread "Thread-11"                  daemon [_thread_in_native, id=32248, stack(0x000000fded400000,0x000000fded500000) (1024K)]
  0x000002fc0dd709c0 JavaThread "Thread-12"                  daemon [_thread_in_native, id=3424, stack(0x000000fded500000,0x000000fded600000) (1024K)]
  0x000002fc0dd6e260 JavaThread "Thread-13"                  daemon [_thread_in_native, id=30868, stack(0x000000fded600000,0x000000fded700000) (1024K)]
  0x000002fc0dd71d70 JavaThread "pool-2-thread-1"                   [_thread_blocked, id=14904, stack(0x000000fded700000,0x000000fded800000) (1024K)]
  0x000002fc0dd71050 JavaThread "WorkspaceEventsHandler"            [_thread_blocked, id=18176, stack(0x000000fdedb00000,0x000000fdedc00000) (1024K)]
  0x000002fc0dd716e0 JavaThread "pool-1-thread-1"                   [_thread_blocked, id=2304, stack(0x000000fdedc00000,0x000000fdedd00000) (1024K)]
  0x000002fc0dd74b60 JavaThread "ForkJoinPool.commonPool-worker-8" daemon [_thread_blocked, id=4728, stack(0x000000fdee400000,0x000000fdee500000) (1024K)]
  0x000002fc0dd73e40 JavaThread "ForkJoinPool.commonPool-worker-11" daemon [_thread_blocked, id=13740, stack(0x000000fdee700000,0x000000fdee800000) (1024K)]
  0x000002fc0e757a00 JavaThread "Worker-7"                          [_thread_blocked, id=17952, stack(0x000000fdef300000,0x000000fdef400000) (1024K)]
  0x000002fc0e758720 JavaThread "Cleaner-0"                  daemon [_thread_blocked, id=24876, stack(0x000000fdee800000,0x000000fdee900000) (1024K)]
Total: 41

Other Threads:
  0x000002fbac705810 VMThread "VM Thread"                           [id=14016, stack(0x000000fdea500000,0x000000fdea600000) (1024K)]
  0x000002fbac5fca00 WatcherThread "VM Periodic Task Thread"        [id=21684, stack(0x000000fdea400000,0x000000fdea500000) (1024K)]
  0x000002fbac78d9a0 WorkerThread "GC Thread#0"                     [id=11188, stack(0x000000fdea300000,0x000000fdea400000) (1024K)]
  0x000002fc066dd170 WorkerThread "GC Thread#1"                     [id=14136, stack(0x000000fdeb200000,0x000000fdeb300000) (1024K)]
  0x000002fc0673c140 WorkerThread "GC Thread#2"                     [id=29880, stack(0x000000fdeb300000,0x000000fdeb400000) (1024K)]
  0x000002fc0673c4e0 WorkerThread "GC Thread#3"                     [id=23164, stack(0x000000fdeb400000,0x000000fdeb500000) (1024K)]
  0x000002fc0673c880 WorkerThread "GC Thread#4"                     [id=24180, stack(0x000000fdeb500000,0x000000fdeb600000) (1024K)]
  0x000002fc0673cc20 WorkerThread "GC Thread#5"                     [id=14432, stack(0x000000fdeb600000,0x000000fdeb700000) (1024K)]
  0x000002fc0673cfc0 WorkerThread "GC Thread#6"                     [id=6460, stack(0x000000fdeb700000,0x000000fdeb800000) (1024K)]
  0x000002fc06ba3010 WorkerThread "GC Thread#7"                     [id=7192, stack(0x000000fdeb100000,0x000000fdeb200000) (1024K)]
  0x000002fc0b794190 WorkerThread "GC Thread#8"                     [id=33264, stack(0x000000fdec900000,0x000000fdeca00000) (1024K)]
  0x000002fc0b794c70 WorkerThread "GC Thread#9"                     [id=12680, stack(0x000000fdeca00000,0x000000fdecb00000) (1024K)]
Total: 12

Threads with active compile tasks:
Total: 0

VM state: not at safepoint (normal execution)

VM Mutex/Monitor currently owned by a thread: None

Heap address: 0x0000000080000000, size: 2048 MB, Compressed Oops mode: 32-bit

CDS archive(s) mapped at: [0x000002fbc4000000-0x000002fbc4ba0000-0x000002fbc4ba0000), size 12189696, SharedBaseAddress: 0x000002fbc4000000, ArchiveRelocationMode: 1.
Compressed class space mapped at: 0x000002fbc5000000-0x000002fc05000000, reserved size: 1073741824
Narrow klass base: 0x000002fbc4000000, Narrow klass shift: 0, Narrow klass range: 0x100000000

GC Precious Log:
 CardTable entry size: 512
 CPUs: 12 total, 12 available
 Memory: 24363M
 Large Page Support: Disabled
 NUMA Support: Disabled
 Compressed Oops: Enabled (32-bit)
 Alignments: Space 512K, Generation 512K, Heap 2M
 Heap Min Capacity: 100M
 Heap Initial Capacity: 100M
 Heap Max Capacity: 2G
 Pre-touch: Disabled
 Parallel Workers: 10

Heap:
 PSYoungGen      total 21504K, used 17075K [0x00000000d5580000, 0x00000000d7180000, 0x0000000100000000)
  eden space 18944K, 79% used [0x00000000d5580000,0x00000000d642ce58,0x00000000d6800000)
  from space 2560K, 80% used [0x00000000d6f00000,0x00000000d7100020,0x00000000d7180000)
  to   space 3584K, 0% used [0x00000000d6a80000,0x00000000d6a80000,0x00000000d6e00000)
 ParOldGen       total 195072K, used 194560K [0x0000000080000000, 0x000000008be80000, 0x00000000d5580000)
  object space 195072K, 99% used [0x0000000080000000,0x000000008be00258,0x000000008be80000)
 Metaspace       used 75180K, committed 76736K, reserved 1179648K
  class space    used 8013K, committed 8640K, reserved 1048576K

Card table byte_map: [0x000002fbac110000,0x000002fbac520000] _byte_map_base: 0x000002fbabd10000

Marking Bits: (ParMarkBitMap*) 0x00007ffd97bca340
 Begin Bits: [0x000002fbbec10000, 0x000002fbc0c10000)
 End Bits:   [0x000002fbc0c10000, 0x000002fbc2c10000)

Polling page: 0x000002fbaa780000

Metaspace:

Usage:
  Non-class:     65.59 MB used.
      Class:      7.83 MB used.
       Both:     73.42 MB used.

Virtual space:
  Non-class space:      128.00 MB reserved,      66.50 MB ( 52%) committed,  2 nodes.
      Class space:        1.00 GB reserved,       8.44 MB ( <1%) committed,  1 nodes.
             Both:        1.12 GB reserved,      74.94 MB (  7%) committed. 

Chunk freelists:
   Non-Class:  13.38 MB
       Class:  7.38 MB
        Both:  20.76 MB

MaxMetaspaceSize: unlimited
CompressedClassSpaceSize: 1.00 GB
Initial GC threshold: 21.00 MB
Current GC threshold: 98.12 MB
CDS: on
 - commit_granule_bytes: 65536.
 - commit_granule_words: 8192.
 - virtual_space_node_default_size: 8388608.
 - enlarge_chunks_in_place: 1.
 - use_allocation_guard: 0.


Internal statistics:

num_allocs_failed_limit: 15.
num_arena_births: 1384.
num_arena_deaths: 14.
num_vsnodes_births: 3.
num_vsnodes_deaths: 0.
num_space_committed: 1199.
num_space_uncommitted: 0.
num_chunks_returned_to_freelist: 29.
num_chunks_taken_from_freelist: 4765.
num_chunk_merges: 19.
num_chunk_splits: 2941.
num_chunks_enlarged: 1632.
num_inconsistent_stats: 0.

CodeHeap 'non-profiled nmethods': size=120000Kb used=10759Kb max_used=10759Kb free=109240Kb
 bounds [0x000002fbb7430000, 0x000002fbb7ec0000, 0x000002fbbe960000]
CodeHeap 'profiled nmethods': size=120000Kb used=29602Kb max_used=29602Kb free=90397Kb
 bounds [0x000002fbaf960000, 0x000002fbb1650000, 0x000002fbb6e90000]
CodeHeap 'non-nmethods': size=5760Kb used=1481Kb max_used=1579Kb free=4278Kb
 bounds [0x000002fbb6e90000, 0x000002fbb7100000, 0x000002fbb7430000]
CodeCache: size=245760Kb, used=41842Kb, max_used=41940Kb, free=203915Kb
 total_blobs=13717, nmethods=12917, adapters=705, full_count=0
Compilation: enabled, stopped_count=0, restarted_count=0

Compilation events (20 events):
Event: 332.543 Thread 0x000002fc0d03d8d0 13828       4       java.io.ObjectOutputStream::replaceObject (2 bytes)
Event: 332.544 Thread 0x000002fc0d03d8d0 nmethod 13828 0x000002fbb7eac590 code [0x000002fbb7eac720, 0x000002fbb7eac7a8]
Event: 332.545 Thread 0x000002fc0d03ed40 nmethod 13809 0x000002fbb7eac890 code [0x000002fbb7eacb40, 0x000002fbb7ead8e8]
Event: 332.570 Thread 0x000002fc0616b1e0 nmethod 13808 0x000002fbb7eae410 code [0x000002fbb7eae780, 0x000002fbb7eb0578]
Event: 392.664 Thread 0x000002fc0616e030 13843       3       org.eclipse.core.internal.jobs.JobManager::startJob (89 bytes)
Event: 392.666 Thread 0x000002fc0616e030 nmethod 13843 0x000002fbb1640b90 code [0x000002fbb1640e40, 0x000002fbb1641ca0]
Event: 392.666 Thread 0x000002fc0616e030 13844   !   3       org.eclipse.core.internal.jobs.JobManager::nextJob (291 bytes)
Event: 392.668 Thread 0x000002fc0616e030 nmethod 13844 0x000002fbb1642110 code [0x000002fbb16425a0, 0x000002fbb16446d8]
Event: 411.518 Thread 0x000002fc0616e030 13845   !   3       java.util.concurrent.locks.AbstractQueuedSynchronizer$ConditionObject::newConditionNode (78 bytes)
Event: 411.518 Thread 0x000002fc0616e030 nmethod 13845 0x000002fbb1645810 code [0x000002fbb1645a80, 0x000002fbb1646260]
Event: 411.518 Thread 0x000002fc0616e030 13846       3       java.util.concurrent.locks.AbstractQueuedSynchronizer$ConditionNode::<init> (5 bytes)
Event: 411.518 Thread 0x000002fc0616e030 nmethod 13846 0x000002fbb1646510 code [0x000002fbb16466c0, 0x000002fbb1646888]
Event: 411.518 Thread 0x000002fc0616e030 13847       3       java.util.concurrent.locks.AbstractQueuedSynchronizer$ConditionObject::enableWait (84 bytes)
Event: 411.519 Thread 0x000002fc0616e030 nmethod 13847 0x000002fbb1646990 code [0x000002fbb1646ba0, 0x000002fbb16471d8]
Event: 422.041 Thread 0x000002fc0616b1e0 13848       4       jdk.internal.misc.Unsafe::putIntOpaque (9 bytes)
Event: 422.041 Thread 0x000002fc0616b1e0 nmethod 13848 0x000002fbb7eb1a90 code [0x000002fbb7eb1c20, 0x000002fbb7eb1cb8]
Event: 512.071 Thread 0x000002fc0616e030 13849       3       java.util.concurrent.ScheduledThreadPoolExecutor$ScheduledFutureTask::isPeriodic (15 bytes)
Event: 512.071 Thread 0x000002fc0616e030 nmethod 13849 0x000002fbb1647410 code [0x000002fbb16475a0, 0x000002fbb1647708]
Event: 572.700 Thread 0x000002fc0616e030 13850   !   3       org.eclipse.core.internal.jobs.JobManager::sleepHint (67 bytes)
Event: 572.701 Thread 0x000002fc0616e030 nmethod 13850 0x000002fbb1647790 code [0x000002fbb1647a00, 0x000002fbb16484d0]

GC Heap History (20 events):
Event: 46.891 GC heap before
{Heap before GC invocations=122 (full 3):
 PSYoungGen      total 20480K, used 20352K [0x00000000d5580000, 0x00000000d6c00000, 0x0000000100000000)
  eden space 18944K, 100% used [0x00000000d5580000,0x00000000d6800000,0x00000000d6800000)
  from space 1536K, 91% used [0x00000000d6a80000,0x00000000d6be0000,0x00000000d6c00000)
  to   space 2048K, 0% used [0x00000000d6800000,0x00000000d6800000,0x00000000d6a00000)
 ParOldGen       total 184320K, used 184046K [0x0000000080000000, 0x000000008b400000, 0x00000000d5580000)
  object space 184320K, 99% used [0x0000000080000000,0x000000008b3bb9d0,0x000000008b400000)
 Metaspace       used 71673K, committed 73152K, reserved 1114112K
  class space    used 7655K, committed 8256K, reserved 1048576K
}
Event: 46.893 GC heap after
{Heap after GC invocations=122 (full 3):
 PSYoungGen      total 20992K, used 1536K [0x00000000d5580000, 0x00000000d6c00000, 0x0000000100000000)
  eden space 18944K, 0% used [0x00000000d5580000,0x00000000d5580000,0x00000000d6800000)
  from space 2048K, 75% used [0x00000000d6800000,0x00000000d6980000,0x00000000d6a00000)
  to   space 2048K, 0% used [0x00000000d6a00000,0x00000000d6a00000,0x00000000d6c00000)
 ParOldGen       total 185344K, used 184846K [0x0000000080000000, 0x000000008b500000, 0x00000000d5580000)
  object space 185344K, 99% used [0x0000000080000000,0x000000008b4839d0,0x000000008b500000)
 Metaspace       used 71673K, committed 73152K, reserved 1114112K
  class space    used 7655K, committed 8256K, reserved 1048576K
}
Event: 47.371 GC heap before
{Heap before GC invocations=123 (full 3):
 PSYoungGen      total 20992K, used 20480K [0x00000000d5580000, 0x00000000d6c00000, 0x0000000100000000)
  eden space 18944K, 100% used [0x00000000d5580000,0x00000000d6800000,0x00000000d6800000)
  from space 2048K, 75% used [0x00000000d6800000,0x00000000d6980000,0x00000000d6a00000)
  to   space 2048K, 0% used [0x00000000d6a00000,0x00000000d6a00000,0x00000000d6c00000)
 ParOldGen       total 185344K, used 184846K [0x0000000080000000, 0x000000008b500000, 0x00000000d5580000)
  object space 185344K, 99% used [0x0000000080000000,0x000000008b4839d0,0x000000008b500000)
 Metaspace       used 71782K, committed 73408K, reserved 1114112K
  class space    used 7667K, committed 8320K, reserved 1048576K
}
Event: 47.373 GC heap after
{Heap after GC invocations=123 (full 3):
 PSYoungGen      total 20480K, used 1120K [0x00000000d5580000, 0x00000000d6b80000, 0x0000000100000000)
  eden space 18944K, 0% used [0x00000000d5580000,0x00000000d5580000,0x00000000d6800000)
  from space 1536K, 72% used [0x00000000d6a00000,0x00000000d6b18000,0x00000000d6b80000)
  to   space 1536K, 0% used [0x00000000d6880000,0x00000000d6880000,0x00000000d6a00000)
 ParOldGen       total 185856K, used 185702K [0x0000000080000000, 0x000000008b580000, 0x00000000d5580000)
  object space 185856K, 99% used [0x0000000080000000,0x000000008b5599d0,0x000000008b580000)
 Metaspace       used 71782K, committed 73408K, reserved 1114112K
  class space    used 7667K, committed 8320K, reserved 1048576K
}
Event: 47.981 GC heap before
{Heap before GC invocations=124 (full 3):
 PSYoungGen      total 20480K, used 20064K [0x00000000d5580000, 0x00000000d6b80000, 0x0000000100000000)
  eden space 18944K, 100% used [0x00000000d5580000,0x00000000d6800000,0x00000000d6800000)
  from space 1536K, 72% used [0x00000000d6a00000,0x00000000d6b18000,0x00000000d6b80000)
  to   space 1536K, 0% used [0x00000000d6880000,0x00000000d6880000,0x00000000d6a00000)
 ParOldGen       total 185856K, used 185702K [0x0000000080000000, 0x000000008b580000, 0x00000000d5580000)
  object space 185856K, 99% used [0x0000000080000000,0x000000008b5599d0,0x000000008b580000)
 Metaspace       used 71967K, committed 73472K, reserved 1114112K
  class space    used 7677K, committed 8320K, reserved 1048576K
}
Event: 47.983 GC heap after
{Heap after GC invocations=124 (full 3):
 PSYoungGen      total 19968K, used 672K [0x00000000d5580000, 0x00000000d6a80000, 0x0000000100000000)
  eden space 18944K, 0% used [0x00000000d5580000,0x00000000d5580000,0x00000000d6800000)
  from space 1024K, 65% used [0x00000000d6880000,0x00000000d6928020,0x00000000d6980000)
  to   space 1024K, 0% used [0x00000000d6980000,0x00000000d6980000,0x00000000d6a80000)
 ParOldGen       total 186880K, used 186534K [0x0000000080000000, 0x000000008b680000, 0x00000000d5580000)
  object space 186880K, 99% used [0x0000000080000000,0x000000008b6299d0,0x000000008b680000)
 Metaspace       used 71967K, committed 73472K, reserved 1114112K
  class space    used 7677K, committed 8320K, reserved 1048576K
}
Event: 48.110 GC heap before
{Heap before GC invocations=125 (full 3):
 PSYoungGen      total 19968K, used 19616K [0x00000000d5580000, 0x00000000d6a80000, 0x0000000100000000)
  eden space 18944K, 100% used [0x00000000d5580000,0x00000000d6800000,0x00000000d6800000)
  from space 1024K, 65% used [0x00000000d6880000,0x00000000d6928020,0x00000000d6980000)
  to   space 1024K, 0% used [0x00000000d6980000,0x00000000d6980000,0x00000000d6a80000)
 ParOldGen       total 186880K, used 186534K [0x0000000080000000, 0x000000008b680000, 0x00000000d5580000)
  object space 186880K, 99% used [0x0000000080000000,0x000000008b6299d0,0x000000008b680000)
 Metaspace       used 72200K, committed 73664K, reserved 1179648K
  class space    used 7707K, committed 8320K, reserved 1048576K
}
Event: 48.112 GC heap after
{Heap after GC invocations=125 (full 3):
 PSYoungGen      total 19968K, used 800K [0x00000000d5580000, 0x00000000d6a80000, 0x0000000100000000)
  eden space 18944K, 0% used [0x00000000d5580000,0x00000000d5580000,0x00000000d6800000)
  from space 1024K, 78% used [0x00000000d6980000,0x00000000d6a48040,0x00000000d6a80000)
  to   space 1024K, 0% used [0x00000000d6880000,0x00000000d6880000,0x00000000d6980000)
 ParOldGen       total 187392K, used 187074K [0x0000000080000000, 0x000000008b700000, 0x00000000d5580000)
  object space 187392K, 99% used [0x0000000080000000,0x000000008b6b0a00,0x000000008b700000)
 Metaspace       used 72200K, committed 73664K, reserved 1179648K
  class space    used 7707K, committed 8320K, reserved 1048576K
}
Event: 49.048 GC heap before
{Heap before GC invocations=126 (full 3):
 PSYoungGen      total 19968K, used 19744K [0x00000000d5580000, 0x00000000d6a80000, 0x0000000100000000)
  eden space 18944K, 100% used [0x00000000d5580000,0x00000000d6800000,0x00000000d6800000)
  from space 1024K, 78% used [0x00000000d6980000,0x00000000d6a48040,0x00000000d6a80000)
  to   space 1024K, 0% used [0x00000000d6880000,0x00000000d6880000,0x00000000d6980000)
 ParOldGen       total 187392K, used 187074K [0x0000000080000000, 0x000000008b700000, 0x00000000d5580000)
  object space 187392K, 99% used [0x0000000080000000,0x000000008b6b0a00,0x000000008b700000)
 Metaspace       used 72727K, committed 74240K, reserved 1179648K
  class space    used 7775K, committed 8448K, reserved 1048576K
}
Event: 49.050 GC heap after
{Heap after GC invocations=126 (full 3):
 PSYoungGen      total 19968K, used 768K [0x00000000d5580000, 0x00000000d6a00000, 0x0000000100000000)
  eden space 18944K, 0% used [0x00000000d5580000,0x00000000d5580000,0x00000000d6800000)
  from space 1024K, 75% used [0x00000000d6880000,0x00000000d6940000,0x00000000d6980000)
  to   space 512K, 0% used [0x00000000d6980000,0x00000000d6980000,0x00000000d6a00000)
 ParOldGen       total 187904K, used 187410K [0x0000000080000000, 0x000000008b780000, 0x00000000d5580000)
  object space 187904K, 99% used [0x0000000080000000,0x000000008b704a40,0x000000008b780000)
 Metaspace       used 72727K, committed 74240K, reserved 1179648K
  class space    used 7775K, committed 8448K, reserved 1048576K
}
Event: 49.482 GC heap before
{Heap before GC invocations=127 (full 3):
 PSYoungGen      total 19968K, used 19712K [0x00000000d5580000, 0x00000000d6a00000, 0x0000000100000000)
  eden space 18944K, 100% used [0x00000000d5580000,0x00000000d6800000,0x00000000d6800000)
  from space 1024K, 75% used [0x00000000d6880000,0x00000000d6940000,0x00000000d6980000)
  to   space 512K, 0% used [0x00000000d6980000,0x00000000d6980000,0x00000000d6a00000)
 ParOldGen       total 187904K, used 187410K [0x0000000080000000, 0x000000008b780000, 0x00000000d5580000)
  object space 187904K, 99% used [0x0000000080000000,0x000000008b704a40,0x000000008b780000)
 Metaspace       used 72858K, committed 74432K, reserved 1179648K
  class space    used 7789K, committed 8448K, reserved 1048576K
}
Event: 49.484 GC heap after
{Heap after GC invocations=127 (full 3):
 PSYoungGen      total 19456K, used 448K [0x00000000d5580000, 0x00000000d6a00000, 0x0000000100000000)
  eden space 18944K, 0% used [0x00000000d5580000,0x00000000d5580000,0x00000000d6800000)
  from space 512K, 87% used [0x00000000d6980000,0x00000000d69f0000,0x00000000d6a00000)
  to   space 1024K, 0% used [0x00000000d6800000,0x00000000d6800000,0x00000000d6900000)
 ParOldGen       total 188416K, used 187960K [0x0000000080000000, 0x000000008b800000, 0x00000000d5580000)
  object space 188416K, 99% used [0x0000000080000000,0x000000008b78e188,0x000000008b800000)
 Metaspace       used 72858K, committed 74432K, reserved 1179648K
  class space    used 7789K, committed 8448K, reserved 1048576K
}
Event: 49.967 GC heap before
{Heap before GC invocations=128 (full 3):
 PSYoungGen      total 19456K, used 19392K [0x00000000d5580000, 0x00000000d6a00000, 0x0000000100000000)
  eden space 18944K, 100% used [0x00000000d5580000,0x00000000d6800000,0x00000000d6800000)
  from space 512K, 87% used [0x00000000d6980000,0x00000000d69f0000,0x00000000d6a00000)
  to   space 1024K, 0% used [0x00000000d6800000,0x00000000d6800000,0x00000000d6900000)
 ParOldGen       total 188416K, used 187960K [0x0000000080000000, 0x000000008b800000, 0x00000000d5580000)
  object space 188416K, 99% used [0x0000000080000000,0x000000008b78e188,0x000000008b800000)
 Metaspace       used 73305K, committed 74880K, reserved 1179648K
  class space    used 7819K, committed 8448K, reserved 1048576K
}
Event: 49.969 GC heap after
{Heap after GC invocations=128 (full 3):
 PSYoungGen      total 19968K, used 576K [0x00000000d5580000, 0x00000000d6a00000, 0x0000000100000000)
  eden space 18944K, 0% used [0x00000000d5580000,0x00000000d5580000,0x00000000d6800000)
  from space 1024K, 56% used [0x00000000d6800000,0x00000000d6890000,0x00000000d6900000)
  to   space 1024K, 0% used [0x00000000d6900000,0x00000000d6900000,0x00000000d6a00000)
 ParOldGen       total 188416K, used 188184K [0x0000000080000000, 0x000000008b800000, 0x00000000d5580000)
  object space 188416K, 99% used [0x0000000080000000,0x000000008b7c6188,0x000000008b800000)
 Metaspace       used 73305K, committed 74880K, reserved 1179648K
  class space    used 7819K, committed 8448K, reserved 1048576K
}
Event: 50.218 GC heap before
{Heap before GC invocations=129 (full 3):
 PSYoungGen      total 19968K, used 19520K [0x00000000d5580000, 0x00000000d6a00000, 0x0000000100000000)
  eden space 18944K, 100% used [0x00000000d5580000,0x00000000d6800000,0x00000000d6800000)
  from space 1024K, 56% used [0x00000000d6800000,0x00000000d6890000,0x00000000d6900000)
  to   space 1024K, 0% used [0x00000000d6900000,0x00000000d6900000,0x00000000d6a00000)
 ParOldGen       total 188416K, used 188184K [0x0000000080000000, 0x000000008b800000, 0x00000000d5580000)
  object space 188416K, 99% used [0x0000000080000000,0x000000008b7c6188,0x000000008b800000)
 Metaspace       used 73371K, committed 74944K, reserved 1179648K
  class space    used 7822K, committed 8448K, reserved 1048576K
}
Event: 50.220 GC heap after
{Heap after GC invocations=129 (full 3):
 PSYoungGen      total 19968K, used 864K [0x00000000d5580000, 0x00000000d6a00000, 0x0000000100000000)
  eden space 18944K, 0% used [0x00000000d5580000,0x00000000d5580000,0x00000000d6800000)
  from space 1024K, 84% used [0x00000000d6900000,0x00000000d69d8020,0x00000000d6a00000)
  to   space 1024K, 0% used [0x00000000d6800000,0x00000000d6800000,0x00000000d6900000)
 ParOldGen       total 189440K, used 189193K [0x0000000080000000, 0x000000008b900000, 0x00000000d5580000)
  object space 189440K, 99% used [0x0000000080000000,0x000000008b8c26a8,0x000000008b900000)
 Metaspace       used 73371K, committed 74944K, reserved 1179648K
  class space    used 7822K, committed 8448K, reserved 1048576K
}
Event: 50.816 GC heap before
{Heap before GC invocations=130 (full 3):
 PSYoungGen      total 19968K, used 19791K [0x00000000d5580000, 0x00000000d6a00000, 0x0000000100000000)
  eden space 18944K, 99% used [0x00000000d5580000,0x00000000d67fbd20,0x00000000d6800000)
  from space 1024K, 84% used [0x00000000d6900000,0x00000000d69d8020,0x00000000d6a00000)
  to   space 1024K, 0% used [0x00000000d6800000,0x00000000d6800000,0x00000000d6900000)
 ParOldGen       total 189440K, used 189193K [0x0000000080000000, 0x000000008b900000, 0x00000000d5580000)
  object space 189440K, 99% used [0x0000000080000000,0x000000008b8c26a8,0x000000008b900000)
 Metaspace       used 74216K, committed 75840K, reserved 1179648K
  class space    used 7916K, committed 8576K, reserved 1048576K
}
Event: 50.820 GC heap after
{Heap after GC invocations=130 (full 3):
 PSYoungGen      total 19968K, used 1008K [0x00000000d5580000, 0x00000000d7600000, 0x0000000100000000)
  eden space 18944K, 0% used [0x00000000d5580000,0x00000000d5580000,0x00000000d6800000)
  from space 1024K, 98% used [0x00000000d6800000,0x00000000d68fc3f0,0x00000000d6900000)
  to   space 7168K, 0% used [0x00000000d6f00000,0x00000000d6f00000,0x00000000d7600000)
 ParOldGen       total 194560K, used 194320K [0x0000000080000000, 0x000000008be00000, 0x00000000d5580000)
  object space 194560K, 99% used [0x0000000080000000,0x000000008bdc4248,0x000000008be00000)
 Metaspace       used 74216K, committed 75840K, reserved 1179648K
  class space    used 7916K, committed 8576K, reserved 1048576K
}
Event: 51.039 GC heap before
{Heap before GC invocations=131 (full 3):
 PSYoungGen      total 19968K, used 19952K [0x00000000d5580000, 0x00000000d7600000, 0x0000000100000000)
  eden space 18944K, 100% used [0x00000000d5580000,0x00000000d6800000,0x00000000d6800000)
  from space 1024K, 98% used [0x00000000d6800000,0x00000000d68fc3f0,0x00000000d6900000)
  to   space 7168K, 0% used [0x00000000d6f00000,0x00000000d6f00000,0x00000000d7600000)
 ParOldGen       total 194560K, used 194320K [0x0000000080000000, 0x000000008be00000, 0x00000000d5580000)
  object space 194560K, 99% used [0x0000000080000000,0x000000008bdc4248,0x000000008be00000)
 Metaspace       used 74370K, committed 75968K, reserved 1179648K
  class space    used 7931K, committed 8576K, reserved 1048576K
}
Event: 51.042 GC heap after
{Heap after GC invocations=131 (full 3):
 PSYoungGen      total 21504K, used 2048K [0x00000000d5580000, 0x00000000d7180000, 0x0000000100000000)
  eden space 18944K, 0% used [0x00000000d5580000,0x00000000d5580000,0x00000000d6800000)
  from space 2560K, 80% used [0x00000000d6f00000,0x00000000d7100020,0x00000000d7180000)
  to   space 3584K, 0% used [0x00000000d6a80000,0x00000000d6a80000,0x00000000d6e00000)
 ParOldGen       total 195072K, used 194560K [0x0000000080000000, 0x000000008be80000, 0x00000000d5580000)
  object space 195072K, 99% used [0x0000000080000000,0x000000008be00258,0x000000008be80000)
 Metaspace       used 74370K, committed 75968K, reserved 1179648K
  class space    used 7931K, committed 8576K, reserved 1048576K
}

Dll operation events (12 events):
Event: 0.014 Loaded shared library c:\Users\vunha\.vscode\extensions\redhat.java-1.47.0-win32-x64\jre\21.0.8-win32-x86_64\bin\java.dll
Event: 0.100 Loaded shared library c:\Users\vunha\.vscode\extensions\redhat.java-1.47.0-win32-x64\jre\21.0.8-win32-x86_64\bin\zip.dll
Event: 0.126 Loaded shared library C:\Users\vunha\.vscode\extensions\redhat.java-1.47.0-win32-x64\jre\21.0.8-win32-x86_64\bin\instrument.dll
Event: 0.132 Loaded shared library C:\Users\vunha\.vscode\extensions\redhat.java-1.47.0-win32-x64\jre\21.0.8-win32-x86_64\bin\net.dll
Event: 0.137 Loaded shared library C:\Users\vunha\.vscode\extensions\redhat.java-1.47.0-win32-x64\jre\21.0.8-win32-x86_64\bin\nio.dll
Event: 0.142 Loaded shared library C:\Users\vunha\.vscode\extensions\redhat.java-1.47.0-win32-x64\jre\21.0.8-win32-x86_64\bin\zip.dll
Event: 0.167 Loaded shared library C:\Users\vunha\.vscode\extensions\redhat.java-1.47.0-win32-x64\jre\21.0.8-win32-x86_64\bin\jimage.dll
Event: 0.267 Loaded shared library c:\Users\vunha\.vscode\extensions\redhat.java-1.47.0-win32-x64\jre\21.0.8-win32-x86_64\bin\verify.dll
Event: 9.426 Loaded shared library C:\Users\vunha\AppData\Roaming\Code\User\globalStorage\redhat.java\1.47.0\config_win\org.eclipse.equinox.launcher\org.eclipse.equinox.launcher.win32.win32.x86_64_1.2.1400.v20250801-0854\eclipse_11916.dll
Event: 19.845 Loaded shared library C:\Users\vunha\AppData\Local\Temp\jna-112570056\jna16314428000394716811.dll
Event: 21.471 Loaded shared library C:\Users\vunha\.vscode\extensions\redhat.java-1.47.0-win32-x64\jre\21.0.8-win32-x86_64\bin\sunmscapi.dll
Event: 21.991 Loaded shared library C:\Users\vunha\.vscode\extensions\redhat.java-1.47.0-win32-x64\jre\21.0.8-win32-x86_64\bin\extnet.dll

Deoptimization events (20 events):
Event: 332.531 Thread 0x000002fc06c3b0c0 Uncommon trap: trap_request=0xffffffc6 fr.pc=0x000002fbb7d82acc relative=0x000000000000128c
Event: 332.531 Thread 0x000002fc06c3b0c0 Uncommon trap: reason=bimorphic_or_optimized_type_check action=maybe_recompile pc=0x000002fbb7d82acc method=java.io.DataOutputStream.write([BII)V @ 7 c2
Event: 332.531 Thread 0x000002fc06c3b0c0 DEOPT PACKING pc=0x000002fbb7d82acc sp=0x000000fdec5fee00
Event: 332.531 Thread 0x000002fc06c3b0c0 DEOPT UNPACKING pc=0x000002fbb6ee3aa2 sp=0x000000fdec5fed40 mode 2
Event: 332.531 Thread 0x000002fc06c3b0c0 Uncommon trap: trap_request=0xffffffc6 fr.pc=0x000002fbb7d82acc relative=0x000000000000128c
Event: 332.531 Thread 0x000002fc06c3b0c0 Uncommon trap: reason=bimorphic_or_optimized_type_check action=maybe_recompile pc=0x000002fbb7d82acc method=java.io.DataOutputStream.write([BII)V @ 7 c2
Event: 332.531 Thread 0x000002fc06c3b0c0 DEOPT PACKING pc=0x000002fbb7d82acc sp=0x000000fdec5fed40
Event: 332.531 Thread 0x000002fc06c3b0c0 DEOPT UNPACKING pc=0x000002fbb6ee3aa2 sp=0x000000fdec5fec80 mode 2
Event: 332.531 Thread 0x000002fc06c3b0c0 Uncommon trap: trap_request=0xffffffc6 fr.pc=0x000002fbb7d82acc relative=0x000000000000128c
Event: 332.531 Thread 0x000002fc06c3b0c0 Uncommon trap: reason=bimorphic_or_optimized_type_check action=maybe_recompile pc=0x000002fbb7d82acc method=java.io.DataOutputStream.write([BII)V @ 7 c2
Event: 332.531 Thread 0x000002fc06c3b0c0 DEOPT PACKING pc=0x000002fbb7d82acc sp=0x000000fdec5fec90
Event: 332.531 Thread 0x000002fc06c3b0c0 DEOPT UNPACKING pc=0x000002fbb6ee3aa2 sp=0x000000fdec5febd0 mode 2
Event: 332.531 Thread 0x000002fc06c3b0c0 Uncommon trap: trap_request=0xffffffc6 fr.pc=0x000002fbb7d82acc relative=0x000000000000128c
Event: 332.531 Thread 0x000002fc06c3b0c0 Uncommon trap: reason=bimorphic_or_optimized_type_check action=maybe_recompile pc=0x000002fbb7d82acc method=java.io.DataOutputStream.write([BII)V @ 7 c2
Event: 332.531 Thread 0x000002fc06c3b0c0 DEOPT PACKING pc=0x000002fbb7d82acc sp=0x000000fdec5fec90
Event: 332.531 Thread 0x000002fc06c3b0c0 DEOPT UNPACKING pc=0x000002fbb6ee3aa2 sp=0x000000fdec5febd0 mode 2
Event: 332.546 Thread 0x000002fc06c3b0c0 Uncommon trap: trap_request=0xffffffc6 fr.pc=0x000002fbb7d50f3c relative=0x000000000000297c
Event: 332.546 Thread 0x000002fc06c3b0c0 Uncommon trap: reason=bimorphic_or_optimized_type_check action=maybe_recompile pc=0x000002fbb7d50f3c method=java.util.Properties.load0(Ljava/util/Properties$LineReader;)V @ 241 c2
Event: 332.546 Thread 0x000002fc06c3b0c0 DEOPT PACKING pc=0x000002fbb7d50f3c sp=0x000000fdec5feec0
Event: 332.546 Thread 0x000002fc06c3b0c0 DEOPT UNPACKING pc=0x000002fbb6ee3aa2 sp=0x000000fdec5fee90 mode 2

Classes loaded (20 events):
Event: 50.813 Loading class java/util/concurrent/ArrayBlockingQueue
Event: 50.813 Loading class java/util/concurrent/ArrayBlockingQueue done
Event: 50.840 Loading class java/util/concurrent/ConcurrentHashMap$KeySpliterator
Event: 50.840 Loading class java/util/concurrent/ConcurrentHashMap$KeySpliterator done
Event: 50.978 Loading class jdk/internal/module/IllegalAccessLogger
Event: 50.978 Loading class jdk/internal/module/IllegalAccessLogger done
Event: 51.160 Loading class java/io/CharArrayWriter
Event: 51.160 Loading class java/io/CharArrayWriter done
Event: 51.165 Loading class java/nio/file/attribute/PosixFileAttributes
Event: 51.165 Loading class java/nio/file/attribute/PosixFileAttributes done
Event: 332.480 Loading class java/util/stream/Nodes$CollectorTask$OfRef
Event: 332.480 Loading class java/util/stream/Nodes$CollectorTask
Event: 332.480 Loading class java/util/stream/Nodes$CollectorTask done
Event: 332.481 Loading class java/util/stream/Nodes$CollectorTask$OfRef done
Event: 332.481 Loading class java/util/function/LongFunction
Event: 332.481 Loading class java/util/function/LongFunction done
Event: 332.481 Loading class java/util/stream/Nodes$ConcNode
Event: 332.481 Loading class java/util/stream/Nodes$AbstractConcNode
Event: 332.481 Loading class java/util/stream/Nodes$AbstractConcNode done
Event: 332.481 Loading class java/util/stream/Nodes$ConcNode done

Classes unloaded (7 events):
Event: 20.291 Thread 0x000002fbac705810 Unloading class 0x000002fbc51b5000 'java/lang/invoke/LambdaForm$MH+0x000002fbc51b5000'
Event: 20.291 Thread 0x000002fbac705810 Unloading class 0x000002fbc51b4c00 'java/lang/invoke/LambdaForm$MH+0x000002fbc51b4c00'
Event: 20.291 Thread 0x000002fbac705810 Unloading class 0x000002fbc51b4800 'java/lang/invoke/LambdaForm$MH+0x000002fbc51b4800'
Event: 20.291 Thread 0x000002fbac705810 Unloading class 0x000002fbc51b4400 'java/lang/invoke/LambdaForm$MH+0x000002fbc51b4400'
Event: 20.291 Thread 0x000002fbac705810 Unloading class 0x000002fbc51b4000 'java/lang/invoke/LambdaForm$BMH+0x000002fbc51b4000'
Event: 20.291 Thread 0x000002fbac705810 Unloading class 0x000002fbc51b3c00 'java/lang/invoke/LambdaForm$DMH+0x000002fbc51b3c00'
Event: 20.291 Thread 0x000002fbac705810 Unloading class 0x000002fbc51b2800 'java/lang/invoke/LambdaForm$DMH+0x000002fbc51b2800'

Classes redefined (0 events):
No events

Internal exceptions (20 events):
Event: 50.567 Thread 0x000002fc06c3e540 Exception <a 'sun/nio/fs/WindowsException'{0x00000000d5b26fa0}> (0x00000000d5b26fa0) 
thrown [s\src\hotspot\share\prims\jni.cpp, line 520]
Event: 50.569 Thread 0x000002fc0e75a160 Exception <a 'sun/nio/fs/WindowsException'{0x00000000d5b58178}> (0x00000000d5b58178) 
thrown [s\src\hotspot\share\prims\jni.cpp, line 520]
Event: 50.571 Thread 0x000002fc06c3e540 Exception <a 'sun/nio/fs/WindowsException'{0x00000000d5b35890}> (0x00000000d5b35890) 
thrown [s\src\hotspot\share\prims\jni.cpp, line 520]
Event: 50.572 Thread 0x000002fc0e75a160 Exception <a 'sun/nio/fs/WindowsException'{0x00000000d5b59a20}> (0x00000000d5b59a20) 
thrown [s\src\hotspot\share\prims\jni.cpp, line 520]
Event: 50.575 Thread 0x000002fc06c3e540 Exception <a 'java/lang/NoSuchMethodError'{0x00000000d5b480a8}: 'java.lang.Object java.lang.invoke.DirectMethodHandle$Holder.newInvokeSpecial(java.lang.Object, java.lang.Object, int, java.lang.Object, java.lang.Object)'> (0x00000000d5b480a8) 
thrown [s\src\hotspot\share\interpreter\linkResolver.cpp, line 773]
Event: 50.575 Thread 0x000002fc06c3e540 Exception <a 'java/lang/NoSuchMethodError'{0x00000000d5b4bbd0}: 'java.lang.Object java.lang.invoke.Invokers$Holder.linkToTargetMethod(java.lang.Object, int, java.lang.Object, java.lang.Object, java.lang.Object)'> (0x00000000d5b4bbd0) 
thrown [s\src\hotspot\share\interpreter\linkResolver.cpp, line 773]
Event: 50.577 Thread 0x000002fc06c3e540 Exception <a 'java/lang/NoSuchMethodError'{0x00000000d5b7dbb8}: 'java.lang.Object java.lang.invoke.DirectMethodHandle$Holder.invokeSpecial(java.lang.Object, java.lang.Object, java.lang.Object, int, java.lang.Object, java.lang.Object, java.lang.Object)'> (0x00000000d5b7dbb8) 
thrown [s\src\hotspot\share\interpreter\linkResolver.cpp, line 773]
Event: 50.832 Thread 0x000002fc0e75c8c0 Implicit null exception at 0x000002fbb7c599c9 to 0x000002fbb7c59b34
Event: 50.842 Thread 0x000002fc0e759ad0 Exception <a 'java/lang/NoSuchMethodError'{0x00000000d56c09b0}: 'java.lang.Object java.lang.invoke.DirectMethodHandle$Holder.invokeStatic(java.lang.Object, java.lang.Object, int, int, java.lang.Object)'> (0x00000000d56c09b0) 
thrown [s\src\hotspot\share\interpreter\linkResolver.cpp, line 773]
Event: 50.843 Thread 0x000002fc0e759ad0 Exception <a 'java/lang/NoSuchMethodError'{0x00000000d56c78c0}: 'java.lang.Object java.lang.invoke.DirectMethodHandle$Holder.newInvokeSpecial(java.lang.Object, java.lang.Object, int, int, java.lang.Object)'> (0x00000000d56c78c0) 
thrown [s\src\hotspot\share\interpreter\linkResolver.cpp, line 773]
Event: 50.993 Thread 0x000002fc0e759ad0 Exception <a 'sun/nio/fs/WindowsException'{0x00000000d60c4f18}> (0x00000000d60c4f18) 
thrown [s\src\hotspot\share\prims\jni.cpp, line 520]
Event: 50.993 Thread 0x000002fc0e759ad0 Exception <a 'sun/nio/fs/WindowsException'{0x00000000d60c55f0}> (0x00000000d60c55f0) 
thrown [s\src\hotspot\share\prims\jni.cpp, line 520]
Event: 51.417 Thread 0x000002fc0dd6ef80 Exception <a 'sun/nio/fs/WindowsException'{0x00000000d6110cc0}> (0x00000000d6110cc0) 
thrown [s\src\hotspot\share\prims\jni.cpp, line 520]
Event: 51.417 Thread 0x000002fc0dd6ef80 Exception <a 'sun/nio/fs/WindowsException'{0x00000000d6111398}> (0x00000000d6111398) 
thrown [s\src\hotspot\share\prims\jni.cpp, line 520]
Event: 51.444 Thread 0x000002fc0dd6ef80 Exception <a 'sun/nio/fs/WindowsException'{0x00000000d6161298}> (0x00000000d6161298) 
thrown [s\src\hotspot\share\prims\jni.cpp, line 520]
Event: 51.444 Thread 0x000002fc0dd6ef80 Exception <a 'sun/nio/fs/WindowsException'{0x00000000d6176730}> (0x00000000d6176730) 
thrown [s\src\hotspot\share\prims\jni.cpp, line 520]
Event: 332.496 Thread 0x000002fc06c3b0c0 Exception <a 'sun/nio/fs/WindowsException'{0x00000000d6304a90}> (0x00000000d6304a90) 
thrown [s\src\hotspot\share\prims\jni.cpp, line 520]
Event: 332.497 Thread 0x000002fc06c3b0c0 Exception <a 'sun/nio/fs/WindowsException'{0x00000000d6305418}> (0x00000000d6305418) 
thrown [s\src\hotspot\share\prims\jni.cpp, line 520]
Event: 332.497 Thread 0x000002fc06c3b0c0 Implicit null exception at 0x000002fbb7d5d909 to 0x000002fbb7d5dbbc
Event: 332.524 Thread 0x000002fc06c3b0c0 Exception <a 'java/lang/NoSuchMethodError'{0x00000000d638b740}: static [J.<clinit>()V> (0x00000000d638b740) 
thrown [s\src\hotspot\share\prims\jni.cpp, line 1111]

ZGC Phase Switch (0 events):
No events

VM Operations (20 events):
Event: 120.278 Executing VM operation: RendezvousGCThreads
Event: 120.278 Executing VM operation: RendezvousGCThreads done
Event: 320.024 Executing VM operation: Cleanup
Event: 320.024 Executing VM operation: Cleanup done
Event: 333.101 Executing VM operation: Cleanup
Event: 333.101 Executing VM operation: Cleanup done
Event: 351.278 Executing VM operation: Cleanup
Event: 351.278 Executing VM operation: Cleanup done
Event: 360.735 Executing VM operation: HandshakeAllThreads (HandshakeForDeflation)
Event: 360.735 Executing VM operation: HandshakeAllThreads (HandshakeForDeflation) done
Event: 360.735 Executing VM operation: RendezvousGCThreads
Event: 360.735 Executing VM operation: RendezvousGCThreads done
Event: 481.079 Executing VM operation: HandshakeAllThreads (HandshakeForDeflation)
Event: 481.079 Executing VM operation: HandshakeAllThreads (HandshakeForDeflation) done
Event: 481.079 Executing VM operation: RendezvousGCThreads
Event: 481.079 Executing VM operation: RendezvousGCThreads done
Event: 541.111 Executing VM operation: HandshakeAllThreads (HandshakeForDeflation)
Event: 541.111 Executing VM operation: HandshakeAllThreads (HandshakeForDeflation) done
Event: 541.111 Executing VM operation: RendezvousGCThreads
Event: 541.111 Executing VM operation: RendezvousGCThreads done

Memory protections (0 events):
No events

Nmethod flushes (20 events):
Event: 30.656 Thread 0x000002fbac705810 flushing  nmethod 0x000002fbb02a7b10
Event: 30.656 Thread 0x000002fbac705810 flushing  nmethod 0x000002fbb02a8590
Event: 30.656 Thread 0x000002fbac705810 flushing  nmethod 0x000002fbb02aa690
Event: 30.656 Thread 0x000002fbac705810 flushing  nmethod 0x000002fbb02bae10
Event: 30.656 Thread 0x000002fbac705810 flushing  nmethod 0x000002fbb02ccd10
Event: 30.656 Thread 0x000002fbac705810 flushing osr nmethod 0x000002fbb0313110
Event: 30.656 Thread 0x000002fbac705810 flushing  nmethod 0x000002fbb0325110
Event: 30.656 Thread 0x000002fbac705810 flushing  nmethod 0x000002fbb0336910
Event: 30.656 Thread 0x000002fbac705810 flushing  nmethod 0x000002fbb034a290
Event: 30.656 Thread 0x000002fbac705810 flushing  nmethod 0x000002fbb034a810
Event: 30.656 Thread 0x000002fbac705810 flushing  nmethod 0x000002fbb0363590
Event: 30.656 Thread 0x000002fbac705810 flushing  nmethod 0x000002fbb0365190
Event: 30.656 Thread 0x000002fbac705810 flushing  nmethod 0x000002fbb0365790
Event: 30.656 Thread 0x000002fbac705810 flushing  nmethod 0x000002fbb0366010
Event: 30.656 Thread 0x000002fbac705810 flushing  nmethod 0x000002fbb0369510
Event: 30.656 Thread 0x000002fbac705810 flushing  nmethod 0x000002fbb0369c10
Event: 30.656 Thread 0x000002fbac705810 flushing  nmethod 0x000002fbb036bb10
Event: 30.656 Thread 0x000002fbac705810 flushing  nmethod 0x000002fbb038bf90
Event: 30.656 Thread 0x000002fbac705810 flushing osr nmethod 0x000002fbb03d7e90
Event: 30.656 Thread 0x000002fbac705810 flushing  nmethod 0x000002fbb041f210

Events (20 events):
Event: 230.597 Thread 0x000002fc0e75b510 Thread exited: 0x000002fc0e75b510
Event: 231.434 Thread 0x000002fc0dd737b0 Thread exited: 0x000002fc0dd737b0
Event: 291.445 Thread 0x000002fc0dd751f0 Thread exited: 0x000002fc0dd751f0
Event: 332.476 Thread 0x000002fc06c3b0c0 Thread added: 0x000002fc0e4f2fb0
Event: 332.482 Thread 0x000002fc0e4f2fb0 Thread exited: 0x000002fc0e4f2fb0
Event: 332.499 Thread 0x000002fc06c3b0c0 Thread added: 0x000002fc0e4f5da0
Event: 332.501 Thread 0x000002fc0e4f5da0 Thread exited: 0x000002fc0e4f5da0
Event: 332.513 Thread 0x000002fc0616e030 Thread added: 0x000002fc0d03d8d0
Event: 332.513 Thread 0x000002fc0616e030 Thread added: 0x000002fc0d03ed40
Event: 337.548 Thread 0x000002fc0d03ed40 Thread exited: 0x000002fc0d03ed40
Event: 337.549 Thread 0x000002fc0d03d8d0 Thread exited: 0x000002fc0d03d8d0
Event: 350.718 Thread 0x000002fc0e758090 Thread exited: 0x000002fc0e758090
Event: 350.858 Thread 0x000002fc0e75cf50 Thread exited: 0x000002fc0e75cf50
Event: 350.889 Thread 0x000002fc0e75d5e0 Thread exited: 0x000002fc0e75d5e0
Event: 350.998 Thread 0x000002fc0e4f6430 Thread exited: 0x000002fc0e4f6430
Event: 351.447 Thread 0x000002fc0dd75880 Thread exited: 0x000002fc0dd75880
Event: 411.454 Thread 0x000002fc0dd6e8f0 Thread exited: 0x000002fc0dd6e8f0
Event: 471.460 Thread 0x000002fc0dd72400 Thread exited: 0x000002fc0dd72400
Event: 531.461 Thread 0x000002fc0dd744d0 Thread exited: 0x000002fc0dd744d0
Event: 591.469 Thread 0x000002fc0dd73120 Thread exited: 0x000002fc0dd73120


Dynamic libraries:
0x00007ff730160000 - 0x00007ff73016e000 	c:\Users\vunha\.vscode\extensions\redhat.java-1.47.0-win32-x64\jre\21.0.8-win32-x86_64\bin\java.exe
0x00007ffe79e20000 - 0x00007ffe7a088000 	C:\WINDOWS\SYSTEM32\ntdll.dll
0x00007ffe789b0000 - 0x00007ffe78a79000 	C:\WINDOWS\System32\KERNEL32.DLL
0x00007ffe77250000 - 0x00007ffe77648000 	C:\WINDOWS\System32\KERNELBASE.dll
0x00007ffe779b0000 - 0x00007ffe77afb000 	C:\WINDOWS\System32\ucrtbase.dll
0x00007ffe409a0000 - 0x00007ffe409be000 	c:\Users\vunha\.vscode\extensions\redhat.java-1.47.0-win32-x64\jre\21.0.8-win32-x86_64\bin\VCRUNTIME140.dll
0x00007ffe432e0000 - 0x00007ffe432f8000 	c:\Users\vunha\.vscode\extensions\redhat.java-1.47.0-win32-x64\jre\21.0.8-win32-x86_64\bin\jli.dll
0x00007ffe78200000 - 0x00007ffe783c7000 	C:\WINDOWS\System32\USER32.dll
0x00007ffe77b00000 - 0x00007ffe77b27000 	C:\WINDOWS\System32\win32u.dll
0x00007ffe60160000 - 0x00007ffe603f4000 	C:\WINDOWS\WinSxS\amd64_microsoft.windows.common-controls_6595b64144ccf1df_6.0.26100.7019_none_3e06ffa0e335b8a8\COMCTL32.dll
0x00007ffe787a0000 - 0x00007ffe787cb000 	C:\WINDOWS\System32\GDI32.dll
0x00007ffe78a80000 - 0x00007ffe78b29000 	C:\WINDOWS\System32\msvcrt.dll
0x00007ffe777d0000 - 0x00007ffe778fc000 	C:\WINDOWS\System32\gdi32full.dll
0x00007ffe76f70000 - 0x00007ffe77013000 	C:\WINDOWS\System32\msvcp_win.dll
0x00007ffe783d0000 - 0x00007ffe78401000 	C:\WINDOWS\System32\IMM32.DLL
0x00007ffe64000000 - 0x00007ffe6400c000 	c:\Users\vunha\.vscode\extensions\redhat.java-1.47.0-win32-x64\jre\21.0.8-win32-x86_64\bin\vcruntime140_1.dll
0x00007ffdc5140000 - 0x00007ffdc51cd000 	c:\Users\vunha\.vscode\extensions\redhat.java-1.47.0-win32-x64\jre\21.0.8-win32-x86_64\bin\msvcp140.dll
0x00007ffd96f10000 - 0x00007ffd97ca7000 	c:\Users\vunha\.vscode\extensions\redhat.java-1.47.0-win32-x64\jre\21.0.8-win32-x86_64\bin\server\jvm.dll
0x00007ffe78bc0000 - 0x00007ffe78c74000 	C:\WINDOWS\System32\ADVAPI32.dll
0x00007ffe77ce0000 - 0x00007ffe77d86000 	C:\WINDOWS\System32\sechost.dll
0x00007ffe77bc0000 - 0x00007ffe77cd8000 	C:\WINDOWS\System32\RPCRT4.dll
0x00007ffe78710000 - 0x00007ffe78784000 	C:\WINDOWS\System32\WS2_32.dll
0x00007ffe76dd0000 - 0x00007ffe76e2e000 	C:\WINDOWS\SYSTEM32\POWRPROF.dll
0x00007ffe5f190000 - 0x00007ffe5f1c5000 	C:\WINDOWS\SYSTEM32\WINMM.dll
0x00007ffe68200000 - 0x00007ffe6820b000 	C:\WINDOWS\SYSTEM32\VERSION.dll
0x00007ffe76db0000 - 0x00007ffe76dc4000 	C:\WINDOWS\SYSTEM32\UMPDC.dll
0x00007ffe75d30000 - 0x00007ffe75d4b000 	C:\WINDOWS\SYSTEM32\kernel.appcore.dll
0x00007ffe5d160000 - 0x00007ffe5d16a000 	c:\Users\vunha\.vscode\extensions\redhat.java-1.47.0-win32-x64\jre\21.0.8-win32-x86_64\bin\jimage.dll
0x00007ffe73e30000 - 0x00007ffe74072000 	C:\WINDOWS\SYSTEM32\DBGHELP.DLL
0x00007ffe793f0000 - 0x00007ffe7977b000 	C:\WINDOWS\System32\combase.dll
0x00007ffe787d0000 - 0x00007ffe788a7000 	C:\WINDOWS\System32\OLEAUT32.dll
0x00007ffe58fd0000 - 0x00007ffe5900c000 	C:\WINDOWS\SYSTEM32\dbgcore.DLL
0x00007ffe77900000 - 0x00007ffe779a5000 	C:\WINDOWS\System32\bcryptPrimitives.dll
0x00007ffe61a20000 - 0x00007ffe61a2f000 	c:\Users\vunha\.vscode\extensions\redhat.java-1.47.0-win32-x64\jre\21.0.8-win32-x86_64\bin\instrument.dll
0x00007ffe407d0000 - 0x00007ffe407ef000 	c:\Users\vunha\.vscode\extensions\redhat.java-1.47.0-win32-x64\jre\21.0.8-win32-x86_64\bin\java.dll
0x00007ffe78c90000 - 0x00007ffe793e1000 	C:\WINDOWS\System32\SHELL32.dll
0x00007ffe770e0000 - 0x00007ffe7724b000 	C:\WINDOWS\System32\wintypes.dll
0x00007ffe74b50000 - 0x00007ffe753ad000 	C:\WINDOWS\SYSTEM32\windows.storage.dll
0x00007ffe788b0000 - 0x00007ffe789a2000 	C:\WINDOWS\System32\SHCORE.dll
0x00007ffe78430000 - 0x00007ffe78497000 	C:\WINDOWS\System32\shlwapi.dll
0x00007ffe76e90000 - 0x00007ffe76eb9000 	C:\WINDOWS\SYSTEM32\profapi.dll
0x00007ffe407b0000 - 0x00007ffe407c8000 	c:\Users\vunha\.vscode\extensions\redhat.java-1.47.0-win32-x64\jre\21.0.8-win32-x86_64\bin\zip.dll
0x00007ffe61a10000 - 0x00007ffe61a20000 	C:\Users\vunha\.vscode\extensions\redhat.java-1.47.0-win32-x64\jre\21.0.8-win32-x86_64\bin\net.dll
0x00007ffe6ccd0000 - 0x00007ffe6cdf8000 	C:\WINDOWS\SYSTEM32\WINHTTP.dll
0x00007ffe762a0000 - 0x00007ffe7630b000 	C:\WINDOWS\system32\mswsock.dll
0x00007ffe37610000 - 0x00007ffe37626000 	C:\Users\vunha\.vscode\extensions\redhat.java-1.47.0-win32-x64\jre\21.0.8-win32-x86_64\bin\nio.dll
0x00007ffe43f80000 - 0x00007ffe43f90000 	c:\Users\vunha\.vscode\extensions\redhat.java-1.47.0-win32-x64\jre\21.0.8-win32-x86_64\bin\verify.dll
0x00007ffdf7390000 - 0x00007ffdf73d4000 	C:\Users\vunha\AppData\Roaming\Code\User\globalStorage\redhat.java\1.47.0\config_win\org.eclipse.equinox.launcher\org.eclipse.equinox.launcher.win32.win32.x86_64_1.2.1400.v20250801-0854\eclipse_11916.dll
0x00007ffe77f10000 - 0x00007ffe780a7000 	C:\WINDOWS\System32\ole32.dll
0x00007ffe76560000 - 0x00007ffe7657b000 	C:\WINDOWS\SYSTEM32\CRYPTSP.dll
0x00007ffe75c90000 - 0x00007ffe75cca000 	C:\WINDOWS\system32\rsaenh.dll
0x00007ffe76350000 - 0x00007ffe7637b000 	C:\WINDOWS\SYSTEM32\USERENV.dll
0x00007ffe76e60000 - 0x00007ffe76e8a000 	C:\WINDOWS\SYSTEM32\bcrypt.dll
0x00007ffe76580000 - 0x00007ffe7658c000 	C:\WINDOWS\SYSTEM32\CRYPTBASE.dll
0x00007ffe757a0000 - 0x00007ffe757d4000 	C:\WINDOWS\SYSTEM32\IPHLPAPI.DLL
0x00007ffe79780000 - 0x00007ffe7978a000 	C:\WINDOWS\System32\NSI.dll
0x00007ffdc4fb0000 - 0x00007ffdc4ff9000 	C:\Users\vunha\AppData\Local\Temp\jna-112570056\jna16314428000394716811.dll
0x00007ffe78170000 - 0x00007ffe78178000 	C:\WINDOWS\System32\PSAPI.DLL
0x00007ffe705d0000 - 0x00007ffe705ee000 	C:\WINDOWS\SYSTEM32\dhcpcsvc6.DLL
0x00007ffe70500000 - 0x00007ffe70523000 	C:\WINDOWS\SYSTEM32\dhcpcsvc.DLL
0x00007ffe41e60000 - 0x00007ffe41e6e000 	C:\Users\vunha\.vscode\extensions\redhat.java-1.47.0-win32-x64\jre\21.0.8-win32-x86_64\bin\sunmscapi.dll
0x00007ffe77650000 - 0x00007ffe777c7000 	C:\WINDOWS\System32\CRYPT32.dll
0x00007ffe76780000 - 0x00007ffe767b0000 	C:\WINDOWS\SYSTEM32\ncrypt.dll
0x00007ffe76730000 - 0x00007ffe7676f000 	C:\WINDOWS\SYSTEM32\NTASN1.dll
0x00007ffe75880000 - 0x00007ffe759ac000 	C:\WINDOWS\SYSTEM32\DNSAPI.dll
0x00007ffe6abd0000 - 0x00007ffe6abdb000 	C:\Windows\System32\rasadhlp.dll
0x00007ffe709e0000 - 0x00007ffe70a66000 	C:\WINDOWS\System32\fwpuclnt.dll
0x00007ffe40c60000 - 0x00007ffe40c69000 	C:\Users\vunha\.vscode\extensions\redhat.java-1.47.0-win32-x64\jre\21.0.8-win32-x86_64\bin\extnet.dll

JVMTI agents:
c:\Users\vunha\.vscode\extensions\redhat.java-1.47.0-win32-x64\lombok\lombok-1.18.39-4050.jar path:c:\Users\vunha\.vscode\extensions\redhat.java-1.47.0-win32-x64\jre\21.0.8-win32-x86_64\bin\instrument.dll, loaded, initialized, instrumentlib options:none

dbghelp: loaded successfully - version: 4.0.5 - missing functions: none
symbol engine: initialized successfully - sym options: 0x614 - pdb path: .;c:\Users\vunha\.vscode\extensions\redhat.java-1.47.0-win32-x64\jre\21.0.8-win32-x86_64\bin;C:\WINDOWS\SYSTEM32;C:\WINDOWS\WinSxS\amd64_microsoft.windows.common-controls_6595b64144ccf1df_6.0.26100.7019_none_3e06ffa0e335b8a8;c:\Users\vunha\.vscode\extensions\redhat.java-1.47.0-win32-x64\jre\21.0.8-win32-x86_64\bin\server;C:\Users\vunha\AppData\Roaming\Code\User\globalStorage\redhat.java\1.47.0\config_win\org.eclipse.equinox.launcher\org.eclipse.equinox.launcher.win32.win32.x86_64_1.2.1400.v20250801-0854;C:\Users\vunha\AppData\Local\Temp\jna-112570056

VM Arguments:
jvm_args: --add-modules=ALL-SYSTEM --add-opens=java.base/java.util=ALL-UNNAMED --add-opens=java.base/java.lang=ALL-UNNAMED --add-opens=java.base/sun.nio.fs=ALL-UNNAMED -Declipse.application=org.eclipse.jdt.ls.core.id1 -Dosgi.bundles.defaultStartLevel=4 -Declipse.product=org.eclipse.jdt.ls.core.product -Djava.import.generatesMetadataFilesAtProjectRoot=false -DDetectVMInstallationsJob.disabled=true -Dfile.encoding=utf8 -XX:+UseParallelGC -XX:GCTimeRatio=4 -XX:AdaptiveSizePolicyWeight=90 -Dsun.zip.disableMemoryMapping=true -Xmx2G -Xms100m -Xlog:disable -javaagent:c:\Users\vunha\.vscode\extensions\redhat.java-1.47.0-win32-x64\lombok\lombok-1.18.39-4050.jar -XX:+HeapDumpOnOutOfMemoryError -XX:HeapDumpPath=c:\Users\vunha\AppData\Roaming\Code\User\workspaceStorage\23d2ec143209062b4962f19746702be5\redhat.java -Daether.dependencyCollector.impl=bf 
java_command: c:\Users\vunha\.vscode\extensions\redhat.java-1.47.0-win32-x64\server\plugins\org.eclipse.equinox.launcher_1.7.100.v20251014-1222.jar -configuration c:\Users\vunha\AppData\Roaming\Code\User\globalStorage\redhat.java\1.47.0\config_win -data c:\Users\vunha\AppData\Roaming\Code\User\workspaceStorage\23d2ec143209062b4962f19746702be5\redhat.java\jdt_ws --pipe=\\.\pipe\lsp-eeef6aa02b3ebae6893285adf6983a0d-sock
java_class_path (initial): c:\Users\vunha\.vscode\extensions\redhat.java-1.47.0-win32-x64\server\plugins\org.eclipse.equinox.launcher_1.7.100.v20251014-1222.jar
Launcher Type: SUN_STANDARD

[Global flags]
    uintx AdaptiveSizePolicyWeight                 = 90                                        {product} {command line}
     intx CICompilerCount                          = 4                                         {product} {ergonomic}
    uintx GCTimeRatio                              = 4                                         {product} {command line}
     bool HeapDumpOnOutOfMemoryError               = true                                   {manageable} {command line}
    ccstr HeapDumpPath                             = c:\Users\vunha\AppData\Roaming\Code\User\workspaceStorage\23d2ec143209062b4962f19746702be5\redhat.java         {manageable} {command line}
   size_t InitialHeapSize                          = 104857600                                 {product} {command line}
   size_t MaxHeapSize                              = 2147483648                                {product} {command line}
   size_t MaxNewSize                               = 715653120                                 {product} {ergonomic}
   size_t MinHeapDeltaBytes                        = 524288                                    {product} {ergonomic}
   size_t MinHeapSize                              = 104857600                                 {product} {command line}
   size_t NewSize                                  = 34603008                                  {product} {ergonomic}
    uintx NonNMethodCodeHeapSize                   = 5839372                                {pd product} {ergonomic}
    uintx NonProfiledCodeHeapSize                  = 122909434                              {pd product} {ergonomic}
   size_t OldSize                                  = 70254592                                  {product} {ergonomic}
    uintx ProfiledCodeHeapSize                     = 122909434                              {pd product} {ergonomic}
    uintx ReservedCodeCacheSize                    = 251658240                              {pd product} {ergonomic}
     bool SegmentedCodeCache                       = true                                      {product} {ergonomic}
   size_t SoftMaxHeapSize                          = 2147483648                             {manageable} {ergonomic}
     bool UseCompressedOops                        = true                           {product lp64_product} {ergonomic}
     bool UseLargePagesIndividualAllocation        = false                                  {pd product} {ergonomic}
     bool UseParallelGC                            = true                                      {product} {command line}

Logging:
Log output configuration:
 #0: stdout all=off uptime,level,tags foldmultilines=false
 #1: stderr all=off uptime,level,tags foldmultilines=false

Environment Variables:
PATH=D:\python3.8\Scripts\;D:\python3.8\;C:\Program Files\Python312\Scripts\;C:\Program Files\Python312\;C:\Program Files\Python313\Scripts\;C:\Program Files\Python313\;C:\Program Files\Microsoft\jdk-21.0.2.13-hotspot\bin;C:\Program Files\Common Files\Oracle\Java\javapath;C:\Program Files (x86)\Common Files\Oracle\Java\java8path;C:\Program Files (x86)\Common Files\Oracle\Java\javapath;C:\WINDOWS\system32;C:\WINDOWS;C:\WINDOWS\System32\Wbem;C:\WINDOWS\System32\WindowsPowerShell\v1.0\;C:\WINDOWS\System32\OpenSSH\;C:\Program Files\Microsoft\Web Platform Installer\;C:\Program Files\NVIDIA Corporation\NVIDIA NvDLISR;C:\Program Files (x86)\NVIDIA Corporation\PhysX\Common;C:\Users\vunha\AppData\Local\Microsoft\WindowsApps;C:\Users\vunha\AppData\Local\Programs\Microsoft VS Code\bin;C:\msys64\mingw64\bin;C:\Users\vunha\AppData\Roaming\npm;C:\Program Files\Microsoft SQL Server\150\Tools\Binn\;C:\Program Files (x86)\Microsoft SQL Server\160\Tools\Binn\;C:\Program Files\Microsoft SQL Server\160\Tools\Binn\;C:\Program Files\Microsoft SQL Server\Client SDK\ODBC\170\Tools\Binn\;C:\Program Files\Microsoft SQL Server\160\DTS\Binn\;C:\Program Files\Git\cmd;C:\Users\vunha\AppData\Local\nvm;C:\nvm4w\nodejs;c:\Users\vunha\AppData\Local\Programs\cursor\resources\app\bin;C:\ProgramData\chocolatey\bin;C:\WINDOWS\system32;C:\WINDOWS;C:\WINDOWS\System32\Wbem;C:\WINDOWS\System32\WindowsPowerShell\v1.0\;C:\WINDOWS\System32\OpenSSH\;C:\Program Files\Docker\Docker\resources\bin;C:\Program Files\Cloudflare\Cloudflare WARP\;C:\Program Files\dotnet\;C:\Program Files\WireGuard\;C:\Users\vunha\.console-ninja\.bin;C:\Users\vunha\.pyenv\pyenv-win\bin;C:\Users\vunha\.pyenv\pyenv-win\shims;C:\Users\vunha\AppData\Local\Programs\Python\Launcher\;C:\Users\vunha\AppData\Local\Microsoft\WindowsApps;C:\Users\vunha\AppData\Local\Programs\Microsoft VS Code\bin;C:\msys64\mingw64\bin;C:\Users\vunha\.dotnet\tools;C:\Program Files\JetBrains\IntelliJ IDEA Community Edition 2023.3.2\bin;;C:\ghcup\bin;C:\Program Files\Heroku\bin;C:\Users\vunha\AppData\Local\GitHubDesktop\bin;C:\Users\vunha\AppData\Local\nvm;C:\nvm4w\nodejs;C:\Flutter\flutter\bin;C:\Users\vunha\.lmstudio\bin;D:\CLion 2025.1.1\bin;;C:\Users\vunha\AppData\Local\Microsoft\WindowsApps;D:\Lens\resources\cli\bin
USERNAME=vunha
OS=Windows_NT
PROCESSOR_IDENTIFIER=Intel64 Family 6 Model 165 Stepping 2, GenuineIntel
TMP=C:\Users\vunha\AppData\Local\Temp
TEMP=C:\Users\vunha\AppData\Local\Temp




Periodic native trim disabled

---------------  S Y S T E M  ---------------

OS:
 Windows 11 , 64 bit Build 26100 (10.0.26100.7019)
OS uptime: 0 days 14:20 hours
Hyper-V role detected

CPU: total 12 (initial active 12) (6 cores per cpu, 2 threads per core) family 6 model 165 stepping 2 microcode 0xe0, cx8, cmov, fxsr, ht, mmx, 3dnowpref, sse, sse2, sse3, ssse3, sse4.1, sse4.2, popcnt, lzcnt, tsc, tscinvbit, avx, avx2, aes, erms, clmul, bmi1, bmi2, adx, fma, vzeroupper, clflush, clflushopt, hv, rdtscp, f16c
Processor Information for the first 12 processors :
  Max Mhz: 2592, Current Mhz: 2592, Mhz Limit: 2592

Memory: 4k page, system-wide physical 24363M (2718M free)
TotalPageFile size 31658M (AvailPageFile size 54M)
current process WorkingSet (physical memory assigned to process): 438M, peak: 471M
current process commit charge ("private bytes"): 519M, peak: 551M

vm_info: OpenJDK 64-Bit Server VM (21.0.8+9-LTS) for windows-amd64 JRE (21.0.8+9-LTS), built on 2025-07-15T00:00:00Z by "admin" with MS VC++ 17.7 (VS2022)

END.
